file_picker/outputs/logs/manifest-merger-debug-report.txt
-- Merging decision tree log ---
manifest
ADDED from src/main/AndroidManifest.xml:1:1-10:12
INJECTED from src/main/AndroidManifest.xml:1:1-10:12
	package
		ADDED from src/main/AndroidManifest.xml:2:3-45
		INJECTED from src/main/AndroidManifest.xml
	xmlns:android
		ADDED from src/main/AndroidManifest.xml:1:11-69
uses-permission#android.permission.READ_EXTERNAL_STORAGE
ADDED from src/main/AndroidManifest.xml:3:5-106
	android:maxSdkVersion
		ADDED from src/main/AndroidManifest.xml:3:78-104
	android:name
		ADDED from src/main/AndroidManifest.xml:3:22-77
queries
ADDED from src/main/AndroidManifest.xml:4:5-9:15
intent#action:name:android.intent.action.GET_CONTENT+data:mimeType:*/*
ADDED from src/main/AndroidManifest.xml:5:6-8:14
action#android.intent.action.GET_CONTENT
ADDED from src/main/AndroidManifest.xml:6:9-68
	android:name
		ADDED from src/main/AndroidManifest.xml:6:17-65
data
ADDED from src/main/AndroidManifest.xml:7:9-39
	android:mimeType
		ADDED from src/main/AndroidManifest.xml:7:15-37
uses-sdk
INJECTED from src/main/AndroidManifest.xml reason: use-sdk injection requested
INJECTED from src/main/AndroidManifest.xml
INJECTED from src/main/AndroidManifest.xml
	android:targetSdkVersion
		INJECTED from src/main/AndroidManifest.xml
	android:minSdkVersion
		INJECTED from src/main/AndroidManifest.xml